<?xml version="1.0" encoding="UTF-8" ?>
<testsuite errors="0" failures="0" hostname="GOLDEN_TECHNOLOGIES" name="net.sourceforge.cruisecontrol.sampleproject.connectfour.CellTest" skipped="0" tests="1" time="0.199" timestamp="2017-05-10T23:47:14">
  <properties>
    <property name="ant.project.invoked-targets" value="windows" />
    <property name="java.runtime.name" value="Java(TM) SE Runtime Environment" />
    <property name="sun.boot.library.path" value="C:\Program Files\Java\jdk1.8.0_121\jre\bin" />
    <property name="java.vm.version" value="25.121-b13" />
    <property name="ant.library.dir" value="C:\Users\welcome\Downloads\ant\apache-ant-1.10.1\lib" />
    <property name="ant.version" value="Apache Ant(TM) version 1.10.1 compiled on February 2 2017" />
    <property name="ant.java.version" value="1.8" />
    <property name="java.vm.vendor" value="Oracle Corporation" />
    <property name="java.vendor.url" value="http://java.oracle.com/" />
    <property name="path.separator" value=";" />
    <property name="java.vm.name" value="Java HotSpot(TM) 64-Bit Server VM" />
    <property name="file.encoding.pkg" value="sun.io" />
    <property name="user.script" value="" />
    <property name="user.country" value="US" />
    <property name="sun.java.launcher" value="SUN_STANDARD" />
    <property name="sun.os.patch.level" value="" />
    <property name="java.vm.specification.name" value="Java Virtual Machine Specification" />
    <property name="user.dir" value="C:\Users\welcome\Desktop\sampleproject" />
    <property name="java.runtime.version" value="1.8.0_121-b13" />
    <property name="java.awt.graphicsenv" value="sun.awt.Win32GraphicsEnvironment" />
    <property name="basedir" value="C:\Users\welcome\Desktop\sampleproject" />
    <property name="java.endorsed.dirs" value="C:\Program Files\Java\jdk1.8.0_121\jre\lib\endorsed" />
    <property name="os.arch" value="amd64" />
    <property name="ant.project.default-target" value="first" />
    <property name="java.io.tmpdir" value="C:\Users\welcome\AppData\Local\Temp\" />
    <property name="ant.core.lib" value="C:\Users\welcome\Downloads\ant\apache-ant-1.10.1\lib\ant.jar" />
    <property name="line.separator" value="&#xd;&#xa;" />
    <property name="java.vm.specification.vendor" value="Oracle Corporation" />
    <property name="user.variant" value="" />
    <property name="os.name" value="Windows 10" />
    <property name="ant.file.connectfour" value="C:\Users\welcome\Desktop\sampleproject\build.xml" />
    <property name="ant.home" value="C:\Users\welcome\Downloads\ant\apache-ant-1.10.1" />
    <property name="ant.project.name" value="connectfour" />
    <property name="sun.jnu.encoding" value="Cp1252" />
    <property name="java.library.path" value="C:\Program Files\Java\jdk1.8.0_121\bin;C:\Windows\Sun\Java\bin;C:\Windows\system32;C:\Windows;C:\Program Files\Java\jdk1.8.0_121\bin;C:\Users\welcome\Downloads\ant\apache-ant-1.10.1/bin;C:\apache-maven-3.5.0\bin;C:\Program Files\Java\jdk1.8.0_121\bin;." />
    <property name="ant.file.type.connectfour" value="file" />
    <property name="java.class.version" value="52.0" />
    <property name="java.specification.name" value="Java Platform API Specification" />
    <property name="sun.management.compiler" value="HotSpot 64-Bit Tiered Compilers" />
    <property name="os.version" value="10.0" />
    <property name="ant.file" value="C:\Users\welcome\Desktop\sampleproject\build.xml" />
    <property name="user.home" value="C:\Users\welcome" />
    <property name="user.timezone" value="" />
    <property name="java.awt.printerjob" value="sun.awt.windows.WPrinterJob" />
    <property name="java.specification.version" value="1.8" />
    <property name="file.encoding" value="Cp1252" />
    <property name="user.name" value="welcome" />
    <property name="java.class.path" value="C:\Users\welcome\Downloads\ant\apache-ant-1.10.1\lib\ant-launcher.jar;C:\Program Files\Java\jre1.8.0_131\lib\;C:\Users\welcome\Downloads\ant\apache-ant-1.10.1\lib\ant-antlr.jar;C:\Users\welcome\Downloads\ant\apache-ant-1.10.1\lib\ant-apache-bcel.jar;C:\Users\welcome\Downloads\ant\apache-ant-1.10.1\lib\ant-apache-bsf.jar;C:\Users\welcome\Downloads\ant\apache-ant-1.10.1\lib\ant-apache-log4j.jar;C:\Users\welcome\Downloads\ant\apache-ant-1.10.1\lib\ant-apache-oro.jar;C:\Users\welcome\Downloads\ant\apache-ant-1.10.1\lib\ant-apache-regexp.jar;C:\Users\welcome\Downloads\ant\apache-ant-1.10.1\lib\ant-apache-resolver.jar;C:\Users\welcome\Downloads\ant\apache-ant-1.10.1\lib\ant-apache-xalan2.jar;C:\Users\welcome\Downloads\ant\apache-ant-1.10.1\lib\ant-commons-logging.jar;C:\Users\welcome\Downloads\ant\apache-ant-1.10.1\lib\ant-commons-net.jar;C:\Users\welcome\Downloads\ant\apache-ant-1.10.1\lib\ant-jai.jar;C:\Users\welcome\Downloads\ant\apache-ant-1.10.1\lib\ant-javamail.jar;C:\Users\welcome\Downloads\ant\apache-ant-1.10.1\lib\ant-jdepend.jar;C:\Users\welcome\Downloads\ant\apache-ant-1.10.1\lib\ant-jmf.jar;C:\Users\welcome\Downloads\ant\apache-ant-1.10.1\lib\ant-jsch.jar;C:\Users\welcome\Downloads\ant\apache-ant-1.10.1\lib\ant-junit.jar;C:\Users\welcome\Downloads\ant\apache-ant-1.10.1\lib\ant-junit4.jar;C:\Users\welcome\Downloads\ant\apache-ant-1.10.1\lib\ant-launcher.jar;C:\Users\welcome\Downloads\ant\apache-ant-1.10.1\lib\ant-netrexx.jar;C:\Users\welcome\Downloads\ant\apache-ant-1.10.1\lib\ant-swing.jar;C:\Users\welcome\Downloads\ant\apache-ant-1.10.1\lib\ant-testutil.jar;C:\Users\welcome\Downloads\ant\apache-ant-1.10.1\lib\ant-xz.jar;C:\Users\welcome\Downloads\ant\apache-ant-1.10.1\lib\ant.jar;C:\Program Files\Java\jdk1.8.0_121\lib\tools.jar" />
    <property name="java.vm.specification.version" value="1.8" />
    <property name="sun.java.command" value="org.apache.tools.ant.launch.Launcher -cp C:\Program Files\Java\jre1.8.0_131\lib windows" />
    <property name="sun.arch.data.model" value="64" />
    <property name="java.home" value="C:\Program Files\Java\jdk1.8.0_121\jre" />
    <property name="java.specification.vendor" value="Oracle Corporation" />
    <property name="user.language" value="en" />
    <property name="awt.toolkit" value="sun.awt.windows.WToolkit" />
    <property name="java.vm.info" value="mixed mode" />
    <property name="java.version" value="1.8.0_121" />
    <property name="java.ext.dirs" value="C:\Program Files\Java\jdk1.8.0_121\jre\lib\ext;C:\Windows\Sun\Java\lib\ext" />
    <property name="sun.boot.class.path" value="C:\Program Files\Java\jdk1.8.0_121\jre\lib\resources.jar;C:\Program Files\Java\jdk1.8.0_121\jre\lib\rt.jar;C:\Program Files\Java\jdk1.8.0_121\jre\lib\sunrsasign.jar;C:\Program Files\Java\jdk1.8.0_121\jre\lib\jsse.jar;C:\Program Files\Java\jdk1.8.0_121\jre\lib\jce.jar;C:\Program Files\Java\jdk1.8.0_121\jre\lib\charsets.jar;C:\Program Files\Java\jdk1.8.0_121\jre\lib\jfr.jar;C:\Program Files\Java\jdk1.8.0_121\jre\classes" />
    <property name="sun.stderr.encoding" value="cp437" />
    <property name="java.vendor" value="Oracle Corporation" />
    <property name="file.separator" value="\" />
    <property name="java.vendor.url.bug" value="http://bugreport.sun.com/bugreport/" />
    <property name="sun.cpu.endian" value="little" />
    <property name="sun.io.unicode.encoding" value="UnicodeLittle" />
    <property name="sun.stdout.encoding" value="cp437" />
    <property name="ant.file.type" value="file" />
    <property name="sun.desktop" value="windows" />
    <property name="sun.cpu.isalist" value="amd64" />
  </properties>
  <testcase classname="net.sourceforge.cruisecontrol.sampleproject.connectfour.CellTest" name="testConstructor" time="0.004" />
  <system-out><![CDATA[]]></system-out>
  <system-err><![CDATA[]]></system-err>
</testsuite>
